{"/Users/cst-00105/Desktop/Testare/index.js": {"path":"/Users/cst-00105/Desktop/Testare/index.js","all":false,"statementMap":{"0":{"start":{"line":1,"column":0},"end":{"line":1,"column":49}},"1":{"start":{"line":2,"column":0},"end":{"line":2,"column":50}},"2":{"start":{"line":3,"column":0},"end":{"line":3,"column":35}},"3":{"start":{"line":4,"column":0},"end":{"line":4,"column":0}},"4":{"start":{"line":5,"column":0},"end":{"line":5,"column":54}},"5":{"start":{"line":6,"column":0},"end":{"line":6,"column":0}},"6":{"start":{"line":7,"column":0},"end":{"line":7,"column":19}},"7":{"start":{"line":8,"column":0},"end":{"line":8,"column":34}},"8":{"start":{"line":9,"column":0},"end":{"line":9,"column":10}},"9":{"start":{"line":10,"column":0},"end":{"line":10,"column":15}},"10":{"start":{"line":11,"column":0},"end":{"line":11,"column":3}},"11":{"start":{"line":12,"column":0},"end":{"line":12,"column":2}},"12":{"start":{"line":13,"column":0},"end":{"line":13,"column":0}},"13":{"start":{"line":14,"column":0},"end":{"line":14,"column":79}},"14":{"start":{"line":15,"column":0},"end":{"line":15,"column":38}},"15":{"start":{"line":16,"column":0},"end":{"line":16,"column":34}},"16":{"start":{"line":17,"column":0},"end":{"line":17,"column":16}},"17":{"start":{"line":18,"column":0},"end":{"line":18,"column":3}},"18":{"start":{"line":19,"column":0},"end":{"line":19,"column":0}},"19":{"start":{"line":20,"column":0},"end":{"line":20,"column":18}},"20":{"start":{"line":21,"column":0},"end":{"line":21,"column":15}},"21":{"start":{"line":22,"column":0},"end":{"line":22,"column":0}},"22":{"start":{"line":23,"column":0},"end":{"line":23,"column":31}},"23":{"start":{"line":24,"column":0},"end":{"line":24,"column":22}},"24":{"start":{"line":25,"column":0},"end":{"line":25,"column":21}},"25":{"start":{"line":26,"column":0},"end":{"line":26,"column":19}},"26":{"start":{"line":27,"column":0},"end":{"line":27,"column":12}},"27":{"start":{"line":28,"column":0},"end":{"line":28,"column":17}},"28":{"start":{"line":29,"column":0},"end":{"line":29,"column":25}},"29":{"start":{"line":30,"column":0},"end":{"line":30,"column":31}},"30":{"start":{"line":31,"column":0},"end":{"line":31,"column":7}},"31":{"start":{"line":32,"column":0},"end":{"line":32,"column":5}},"32":{"start":{"line":33,"column":0},"end":{"line":33,"column":3}},"33":{"start":{"line":34,"column":0},"end":{"line":34,"column":0}},"34":{"start":{"line":35,"column":0},"end":{"line":35,"column":29}},"35":{"start":{"line":36,"column":0},"end":{"line":36,"column":2}},"36":{"start":{"line":37,"column":0},"end":{"line":37,"column":0}},"37":{"start":{"line":38,"column":0},"end":{"line":38,"column":18}},"38":{"start":{"line":39,"column":0},"end":{"line":39,"column":11}},"39":{"start":{"line":40,"column":0},"end":{"line":40,"column":13}},"40":{"start":{"line":41,"column":0},"end":{"line":41,"column":2}}},"s":{"0":1,"1":1,"2":16,"3":10,"4":10,"5":10,"6":16,"7":6,"8":16,"9":4,"10":4,"11":16,"12":1,"13":1,"14":1,"15":5,"16":2,"17":2,"18":3,"19":3,"20":3,"21":3,"22":5,"23":15,"24":15,"25":8,"26":15,"27":7,"28":8,"29":8,"30":8,"31":7,"32":15,"33":3,"34":3,"35":3,"36":1,"37":1,"38":1,"39":1,"40":1},"branchMap":{"0":{"type":"branch","line":2,"loc":{"start":{"line":2,"column":17},"end":{"line":12,"column":2}},"locations":[{"start":{"line":2,"column":17},"end":{"line":12,"column":2}}]},"1":{"type":"branch","line":3,"loc":{"start":{"line":3,"column":11},"end":{"line":3,"column":21}},"locations":[{"start":{"line":3,"column":11},"end":{"line":3,"column":21}}]},"2":{"type":"branch","line":3,"loc":{"start":{"line":3,"column":23},"end":{"line":3,"column":35}},"locations":[{"start":{"line":3,"column":23},"end":{"line":3,"column":35}}]},"3":{"type":"branch","line":3,"loc":{"start":{"line":3,"column":34},"end":{"line":7,"column":18}},"locations":[{"start":{"line":3,"column":34},"end":{"line":7,"column":18}}]},"4":{"type":"branch","line":7,"loc":{"start":{"line":7,"column":18},"end":{"line":9,"column":3}},"locations":[{"start":{"line":7,"column":18},"end":{"line":9,"column":3}}]},"5":{"type":"branch","line":9,"loc":{"start":{"line":9,"column":3},"end":{"line":11,"column":3}},"locations":[{"start":{"line":9,"column":3},"end":{"line":11,"column":3}}]},"6":{"type":"branch","line":15,"loc":{"start":{"line":15,"column":20},"end":{"line":36,"column":2}},"locations":[{"start":{"line":15,"column":20},"end":{"line":36,"column":2}}]},"7":{"type":"branch","line":16,"loc":{"start":{"line":16,"column":33},"end":{"line":18,"column":3}},"locations":[{"start":{"line":16,"column":33},"end":{"line":18,"column":3}}]},"8":{"type":"branch","line":18,"loc":{"start":{"line":18,"column":2},"end":{"line":23,"column":30}},"locations":[{"start":{"line":18,"column":2},"end":{"line":23,"column":30}}]},"9":{"type":"branch","line":23,"loc":{"start":{"line":23,"column":30},"end":{"line":33,"column":3}},"locations":[{"start":{"line":23,"column":30},"end":{"line":33,"column":3}}]},"10":{"type":"branch","line":25,"loc":{"start":{"line":25,"column":20},"end":{"line":27,"column":5}},"locations":[{"start":{"line":25,"column":20},"end":{"line":27,"column":5}}]},"11":{"type":"branch","line":27,"loc":{"start":{"line":27,"column":5},"end":{"line":32,"column":5}},"locations":[{"start":{"line":27,"column":5},"end":{"line":32,"column":5}}]},"12":{"type":"branch","line":28,"loc":{"start":{"line":28,"column":16},"end":{"line":31,"column":7}},"locations":[{"start":{"line":28,"column":16},"end":{"line":31,"column":7}}]},"13":{"type":"branch","line":33,"loc":{"start":{"line":33,"column":2},"end":{"line":36,"column":2}},"locations":[{"start":{"line":33,"column":2},"end":{"line":36,"column":2}}]}},"b":{"0":[16],"1":[13],"2":[6],"3":[10],"4":[6],"5":[4],"6":[5],"7":[2],"8":[3],"9":[15],"10":[8],"11":[7],"12":[8],"13":[3]},"fnMap":{"0":{"name":"findChar","decl":{"start":{"line":2,"column":17},"end":{"line":12,"column":2}},"loc":{"start":{"line":2,"column":17},"end":{"line":12,"column":2}},"line":2},"1":{"name":"computeSum","decl":{"start":{"line":15,"column":20},"end":{"line":36,"column":2}},"loc":{"start":{"line":15,"column":20},"end":{"line":36,"column":2}},"line":15}},"f":{"0":16,"1":5}}
}
