TN:
SF:index.js
FN:2,findChar
FN:15,computeSum
FNF:2
FNH:2
FNDA:16,findChar
FNDA:5,computeSum
DA:1,1
DA:2,1
DA:3,16
DA:4,10
DA:5,10
DA:6,10
DA:7,16
DA:8,6
DA:9,16
DA:10,4
DA:11,4
DA:12,16
DA:13,1
DA:14,1
DA:15,1
DA:16,5
DA:17,2
DA:18,2
DA:19,3
DA:20,3
DA:21,3
DA:22,3
DA:23,5
DA:24,15
DA:25,15
DA:26,8
DA:27,15
DA:28,7
DA:29,8
DA:30,8
DA:31,8
DA:32,7
DA:33,15
DA:34,3
DA:35,3
DA:36,3
DA:37,1
DA:38,1
DA:39,1
DA:40,1
DA:41,1
LF:41
LH:41
BRDA:2,0,0,16
BRDA:3,1,0,13
BRDA:3,2,0,6
BRDA:3,3,0,10
BRDA:7,4,0,6
BRDA:9,5,0,4
BRDA:15,6,0,5
BRDA:16,7,0,2
BRDA:18,8,0,3
BRDA:23,9,0,15
BRDA:25,10,0,8
BRDA:27,11,0,7
BRDA:28,12,0,8
BRDA:33,13,0,3
BRF:14
BRH:14
end_of_record
